2021-04-14 19:19:41,410 - instabot version: 0.117.0 (bot) - INFO - Instabot version: 0.117.0 Started
2021-04-14 19:19:41,410 - instabot version: 0.117.0 (bot) - DEBUG - Bot imported from D:\IGBOT\lib\site-packages\instabot\bot\bot.py
2021-04-14 19:19:41,411 - instabot version: 0.117.0 (api_login) - INFO - Not yet logged in starting: PRE-LOGIN FLOW!
2021-04-14 19:19:41,586 - instabot version: 0.117.0 (api) - DEBUG - POST to endpoint: accounts/get_prefill_candidates/ returned response: <Response [200]>
2021-04-14 19:19:41,730 - instabot version: 0.117.0 (api) - DEBUG - POST to endpoint: qe/sync/ returned response: <Response [200]>
2021-04-14 19:19:41,899 - instabot version: 0.117.0 (api) - DEBUG - POST to endpoint: launcher/sync/ returned response: <Response [200]>
2021-04-14 19:19:42,037 - instabot version: 0.117.0 (api) - DEBUG - POST to endpoint: accounts/contact_point_prefill/ returned response: <Response [200]>
2021-04-14 19:19:43,469 - instabot version: 0.117.0 (api) - DEBUG - POST to endpoint: accounts/login/ returned response: <Response [200]>
2021-04-14 19:19:43,469 - instabot version: 0.117.0 (api) - INFO - Logged-in successfully as 'appetizedd'!
2021-04-14 19:19:43,469 - instabot version: 0.117.0 (api_login) - INFO - LOGIN FLOW! Just logged-in: True
2021-04-14 19:19:43,597 - instabot version: 0.117.0 (api) - DEBUG - POST to endpoint: qe/sync/ returned response: <Response [200]>
2021-04-14 19:19:43,777 - instabot version: 0.117.0 (api) - DEBUG - POST to endpoint: launcher/sync/ returned response: <Response [200]>
2021-04-14 19:19:43,906 - instabot version: 0.117.0 (api) - DEBUG - GET to endpoint: zr/token/result/?device_id=android-4af7b55d46c13626&token_hash=&custom_device_id=android-4af7b55d46c13626&fetch_reason=token_expired returned response: <Response [200]>
2021-04-14 19:19:44,078 - instabot version: 0.117.0 (api) - DEBUG - GET to endpoint: multiple_accounts/get_account_family/ returned response: <Response [200]>
2021-04-14 19:19:44,228 - instabot version: 0.117.0 (api) - DEBUG - POST to endpoint: qe/sync/ returned response: <Response [200]>
2021-04-14 19:19:44,781 - instabot version: 0.117.0 (api) - DEBUG - GET to endpoint: igtv/browse_feed/?prefetch=1 returned response: <Response [200]>
2021-04-14 19:19:44,916 - instabot version: 0.117.0 (api) - DEBUG - POST to endpoint: creatives/ar_class/ returned response: <Response [200]>
2021-04-14 19:19:45,495 - instabot version: 0.117.0 (api) - DEBUG - POST to endpoint: feed/reels_tray/ returned response: <Response [200]>
2021-04-14 19:19:46,514 - instabot version: 0.117.0 (api) - DEBUG - POST to endpoint: feed/timeline/ returned response: <Response [200]>
2021-04-14 19:19:46,717 - instabot version: 0.117.0 (api) - DEBUG - GET to endpoint: media/blocked/ returned response: <Response [200]>
2021-04-14 19:19:47,265 - instabot version: 0.117.0 (api) - DEBUG - GET to endpoint: news/inbox/ returned response: <Response [200]>
2021-04-14 19:19:47,423 - instabot version: 0.117.0 (api) - DEBUG - GET to endpoint: loom/fetch_config/ returned response: <Response [200]>
2021-04-14 19:19:47,747 - instabot version: 0.117.0 (api) - DEBUG - GET to endpoint: scores/bootstrap/users/?surfaces=["autocomplete_user_list","coefficient_besties_list_ranking","coefficient_rank_recipient_user_suggestion","coefficient_ios_section_test_bootstrap_ranking","coefficient_direct_recipients_ranking_variant_2"] returned response: <Response [200]>
2021-04-14 19:19:47,883 - instabot version: 0.117.0 (api) - DEBUG - GET to endpoint: business/eligibility/get_monetization_products_eligibility_data/?product_types=branded_content returned response: <Response [200]>
2021-04-14 19:19:48,015 - instabot version: 0.117.0 (api) - DEBUG - GET to endpoint: business/branded_content/should_require_professional_account/ returned response: <Response [200]>
2021-04-14 19:19:48,143 - instabot version: 0.117.0 (api) - DEBUG - GET to endpoint: linked_accounts/get_linkage_status/ returned response: <Response [200]>
2021-04-14 19:19:48,395 - instabot version: 0.117.0 (api) - DEBUG - GET to endpoint: locations/request_country/ returned response: <Response [200]>
2021-04-14 19:19:48,515 - instabot version: 0.117.0 (api) - DEBUG - GET to endpoint: qp/get_cooldowns/?signed_body=signed_body=4b9c516a5410a3bc128e09c6104a7f042146b9c2023870560c63a43a7f66781c.4&ig_sig_key_version=4&ig_sig_key_version=4 returned response: <Response [200]>
2021-04-14 19:19:48,650 - instabot version: 0.117.0 (api) - DEBUG - GET to endpoint: users/arlink_download_info/?version_override=2.2.1 returned response: <Response [200]>
2021-04-14 19:19:49,248 - instabot version: 0.117.0 (api) - DEBUG - GET to endpoint: users/47187987017/info/ returned response: <Response [200]>
2021-04-14 19:19:49,374 - instabot version: 0.117.0 (api) - DEBUG - GET to endpoint: direct_v2/get_presence/ returned response: <Response [200]>
2021-04-14 19:19:49,598 - instabot version: 0.117.0 (api) - DEBUG - GET to endpoint: direct_v2/inbox/?visual_message_return_type=unseen&thread_message_limit=10&persistentBadging=true&limit=20 returned response: <Response [200]>
2021-04-14 19:19:49,813 - instabot version: 0.117.0 (api) - DEBUG - GET to endpoint: direct_v2/inbox/?visual_message_return_type=unseen&persistentBadging=true&limit=0 returned response: <Response [200]>
2021-04-14 19:19:50,167 - instabot version: 0.117.0 (api) - DEBUG - GET to endpoint: discover/topical_explore/?is_prefetch=true&omit_cover_media=true&use_sectional_payload=true&timezone_offset=0&session_id=68788ea3-e017-4f01-b781-3ca2ba978808&include_fixed_destinations=true returned response: <Response [200]>
2021-04-14 19:19:50,302 - instabot version: 0.117.0 (api) - DEBUG - POST to endpoint: notifications/badge/ returned response: <Response [200]>
2021-04-14 19:19:50,534 - instabot version: 0.117.0 (api) - DEBUG - POST to endpoint: qp/batch_fetch/ returned response: <Response [200]>
2021-04-14 19:19:50,535 - instabot version: 0.117.0 (bot_checkpoint) - DEBUG - Loading Checkpoint file from: C:\Users\john\PycharmProjects\IGBOT/config/appetizedd.checkpoint
2021-04-14 19:19:51,049 - instabot version: 0.117.0 (api) - DEBUG - GET to endpoint: users/appetizedd/usernameinfo/ returned response: <Response [200]>
2021-04-14 19:19:52,023 - instabot version: 0.117.0 (api) - DEBUG - GET to endpoint: users/47187987017/info/ returned response: <Response [200]>
2021-04-14 19:19:52,211 - instabot version: 0.117.0 (api) - DEBUG - GET to endpoint: friendships/47187987017/followers/?rank_token=47187987017_ec878299-3ced-4ce0-abbe-138657b4ac01 returned response: <Response [200]>
2021-04-14 19:19:52,802 - instabot version: 0.117.0 (api) - DEBUG - GET to endpoint: users/47187987017/info/ returned response: <Response [200]>
2021-04-14 19:19:52,952 - instabot version: 0.117.0 (api) - DEBUG - GET to endpoint: friendships/47187987017/followers/?rank_token=47187987017_ec878299-3ced-4ce0-abbe-138657b4ac01 returned response: <Response [200]>
2021-04-14 19:19:52,953 - instabot version: 0.117.0 (bot_checkpoint) - DEBUG - Saving Checkpoint file to: C:\Users\john\PycharmProjects\IGBOT/config/appetizedd.checkpoint
2021-04-14 19:19:52,954 - instabot version: 0.117.0 (bot) - INFO - Total requests: 36
